<?xml version="1.0" encoding="UTF-8"?>
<testsuite name="RockPaperScissorsTest" tests="7" skipped="0" failures="0" errors="0" timestamp="2016-09-07T23:12:46" hostname="epicodus-90.local" time="0.002">
  <properties/>
  <testcase name="playerTwoWins_PlayerTwoWinsRock_True" classname="RockPaperScissorsTest" time="0.001"/>
  <testcase name="playerOneWins_PlayerOneWinsScissors_True" classname="RockPaperScissorsTest" time="0.0"/>
  <testcase name="playerTie_playerTieRock_True" classname="RockPaperScissorsTest" time="0.0"/>
  <testcase name="playerOneWins_PlayerOneWinsPaper_True" classname="RockPaperScissorsTest" time="0.0"/>
  <testcase name="playerTwoWins_PlayerTwoWinsScissors_True" classname="RockPaperScissorsTest" time="0.0"/>
  <testcase name="playerOneWins_PlayerOneWinsRock_True" classname="RockPaperScissorsTest" time="0.0"/>
  <testcase name="playerTwoWins_PlayerTwoWinsPaper_True" classname="RockPaperScissorsTest" time="0.0"/>
  <system-out><![CDATA[]]></system-out>
  <system-err><![CDATA[]]></system-err>
</testsuite>
